\BOOKMARK [1][-]{section*.2}{about}{}% 1
\BOOKMARK [1][-]{section*.6}{angdiff}{}% 2
\BOOKMARK [1][-]{section*.9}{angvec2r}{}% 3
\BOOKMARK [1][-]{section*.13}{angvec2tr}{}% 4
\BOOKMARK [1][-]{section*.17}{Animate}{}% 5
\BOOKMARK [1][-]{section*.33}{chi2inv\137rtb}{}% 6
\BOOKMARK [1][-]{section*.37}{circle}{}% 7
\BOOKMARK [1][-]{section*.40}{colnorm}{}% 8
\BOOKMARK [1][-]{section*.43}{delta2tr}{}% 9
\BOOKMARK [1][-]{section*.47}{e2h}{}% 10
\BOOKMARK [1][-]{section*.51}{eul2jac}{}% 11
\BOOKMARK [1][-]{section*.56}{eul2r}{}% 12
\BOOKMARK [1][-]{section*.61}{eul2tr}{}% 13
\BOOKMARK [1][-]{section*.66}{h2e}{}% 14
\BOOKMARK [1][-]{section*.70}{homline}{}% 15
\BOOKMARK [1][-]{section*.73}{homtrans}{}% 16
\BOOKMARK [1][-]{section*.77}{ishomog}{}% 17
\BOOKMARK [1][-]{section*.81}{ishomog2}{}% 18
\BOOKMARK [1][-]{section*.85}{isrot}{}% 19
\BOOKMARK [1][-]{section*.89}{isrot2}{}% 20
\BOOKMARK [1][-]{section*.93}{isunit}{}% 21
\BOOKMARK [1][-]{section*.96}{isvec}{}% 22
\BOOKMARK [1][-]{section*.100}{lift23}{}% 23
\BOOKMARK [1][-]{section*.103}{numcols}{}% 24
\BOOKMARK [1][-]{section*.107}{numrows}{}% 25
\BOOKMARK [1][-]{section*.111}{oa2r}{}% 26
\BOOKMARK [1][-]{section*.116}{oa2tr}{}% 27
\BOOKMARK [1][-]{section*.121}{PGraph}{}% 28
\BOOKMARK [1][-]{section*.275}{plot2}{}% 29
\BOOKMARK [1][-]{section*.278}{plot\137arrow}{}% 30
\BOOKMARK [1][-]{section*.284}{plot\137box}{}% 31
\BOOKMARK [1][-]{section*.290}{plot\137circle}{}% 32
\BOOKMARK [1][-]{section*.296}{plot\137ellipse}{}% 33
\BOOKMARK [1][-]{section*.302}{plot\137homline}{}% 34
\BOOKMARK [1][-]{section*.307}{plot\137point}{}% 35
\BOOKMARK [1][-]{section*.312}{plot\137poly}{}% 36
\BOOKMARK [1][-]{section*.318}{plot\137ribbon}{}% 37
\BOOKMARK [1][-]{section*.323}{plot\137sphere}{}% 38
\BOOKMARK [1][-]{section*.328}{plotvol}{}% 39
\BOOKMARK [1][-]{section*.331}{Plucker}{}% 40
\BOOKMARK [1][-]{section*.418}{Quaternion}{}% 41
\BOOKMARK [1][-]{section*.508}{r2t}{}% 42
\BOOKMARK [1][-]{section*.512}{randinit}{}% 43
\BOOKMARK [1][-]{section*.514}{rot2}{}% 44
\BOOKMARK [1][-]{section*.517}{rotx}{}% 45
\BOOKMARK [1][-]{section*.520}{roty}{}% 46
\BOOKMARK [1][-]{section*.523}{rotz}{}% 47
\BOOKMARK [1][-]{section*.526}{rpy2jac}{}% 48
\BOOKMARK [1][-]{section*.532}{rpy2r}{}% 49
\BOOKMARK [1][-]{section*.537}{rpy2tr}{}% 50
\BOOKMARK [1][-]{section*.542}{rt2tr}{}% 51
\BOOKMARK [1][-]{section*.546}{RTBPose}{}% 52
\BOOKMARK [1][-]{section*.661}{SE2}{}% 53
\BOOKMARK [1][-]{section*.726}{SE3}{}% 54
\BOOKMARK [1][-]{section*.874}{skew}{}% 55
\BOOKMARK [1][-]{section*.879}{skewa}{}% 56
\BOOKMARK [1][-]{section*.884}{SO2}{}% 57
\BOOKMARK [1][-]{section*.951}{SO3}{}% 58
\BOOKMARK [1][-]{section*.1093}{SpatialAcceleration}{}% 59
\BOOKMARK [1][-]{section*.1101}{SpatialF6}{}% 60
\BOOKMARK [1][-]{section*.1107}{SpatialForce}{}% 61
\BOOKMARK [1][-]{section*.1116}{SpatialInertia}{}% 62
\BOOKMARK [1][-]{section*.1138}{SpatialM6}{}% 63
\BOOKMARK [1][-]{section*.1147}{SpatialMomentum}{}% 64
\BOOKMARK [1][-]{section*.1156}{SpatialVec6}{}% 65
\BOOKMARK [1][-]{section*.1183}{SpatialVelocity}{}% 66
\BOOKMARK [1][-]{section*.1192}{stlRead}{}% 67
\BOOKMARK [1][-]{section*.1195}{t2r}{}% 68
\BOOKMARK [1][-]{section*.1199}{tb\137optparse}{}% 69
\BOOKMARK [1][-]{section*.1202}{tr2angvec}{}% 70
\BOOKMARK [1][-]{section*.1207}{tr2delta}{}% 71
\BOOKMARK [1][-]{section*.1212}{tr2eul}{}% 72
\BOOKMARK [1][-]{section*.1217}{tr2jac}{}% 73
\BOOKMARK [1][-]{section*.1220}{tr2rpy}{}% 74
\BOOKMARK [1][-]{section*.1225}{tr2rt}{}% 75
\BOOKMARK [1][-]{section*.1229}{tranimate}{}% 76
\BOOKMARK [1][-]{section*.1234}{tranimate2}{}% 77
\BOOKMARK [1][-]{section*.1239}{transl}{}% 78
\BOOKMARK [1][-]{section*.1245}{transl2}{}% 79
\BOOKMARK [1][-]{section*.1251}{trchain}{}% 80
\BOOKMARK [1][-]{section*.1255}{trchain2}{}% 81
\BOOKMARK [1][-]{section*.1259}{trexp}{}% 82
\BOOKMARK [1][-]{section*.1266}{trexp2}{}% 83
\BOOKMARK [1][-]{section*.1273}{trinterp}{}% 84
\BOOKMARK [1][-]{section*.1277}{trinterp2}{}% 85
\BOOKMARK [1][-]{section*.1281}{trlog}{}% 86
\BOOKMARK [1][-]{section*.1286}{trnorm}{}% 87
\BOOKMARK [1][-]{section*.1290}{trot2}{}% 88
\BOOKMARK [1][-]{section*.1294}{trotx}{}% 89
\BOOKMARK [1][-]{section*.1298}{troty}{}% 90
\BOOKMARK [1][-]{section*.1302}{trotz}{}% 91
\BOOKMARK [1][-]{section*.1306}{trplot}{}% 92
\BOOKMARK [1][-]{section*.1312}{trplot2}{}% 93
\BOOKMARK [1][-]{section*.1319}{trprint}{}% 94
\BOOKMARK [1][-]{section*.1325}{trprint2}{}% 95
\BOOKMARK [1][-]{section*.1330}{trscale}{}% 96
\BOOKMARK [1][-]{section*.1333}{Twist}{}% 97
\BOOKMARK [1][-]{section*.1395}{unit}{}% 98
\BOOKMARK [1][-]{section*.1398}{UnitQuaternion}{}% 99
\BOOKMARK [1][-]{section*.1559}{vex}{}% 100
\BOOKMARK [1][-]{section*.1564}{vexa}{}% 101
\BOOKMARK [1][-]{section*.1569}{xyzlabel}{}% 102
