This is pdfTeX, Version 3.14159265-2.6-1.40.19 (TeX Live 2018) (preloaded format=pdflatex 2018.4.16)  1 APR 2019 11:42
entering extended mode
 restricted \write18 enabled.
 %&-line parsing enabled.
**all.tex
(./all.tex
LaTeX2e <2018-04-01> patch level 2
Babel <3.18> and hyphenation patterns for 84 language(s) loaded.
(/usr/local/texlive/2018/texmf-dist/tex/latex/base/article.cls
Document Class: article 2014/09/29 v1.4h Standard LaTeX document class
(/usr/local/texlive/2018/texmf-dist/tex/latex/base/size10.clo
File: size10.clo 2014/09/29 v1.4h Standard LaTeX file (size option)
)
\c@part=\count80
\c@section=\count81
\c@subsection=\count82
\c@subsubsection=\count83
\c@paragraph=\count84
\c@subparagraph=\count85
\c@figure=\count86
\c@table=\count87
\abovecaptionskip=\skip41
\belowcaptionskip=\skip42
\bibindent=\dimen102
)
(/usr/local/texlive/2018/texmf-dist/tex/latex/parskip/parskip.sty
Package: parskip 2001/04/09 non-zero parskip adjustments
)
(/usr/local/texlive/2018/texmf-dist/tex/latex/graphics/color.sty
Package: color 2016/07/10 v1.1e Standard LaTeX Color (DPC)

(/usr/local/texlive/2018/texmf-dist/tex/latex/graphics-cfg/color.cfg
File: color.cfg 2016/01/02 v1.6 sample color configuration
)
Package color Info: Driver file: pdftex.def on input line 147.

(/usr/local/texlive/2018/texmf-dist/tex/latex/graphics-def/pdftex.def
File: pdftex.def 2018/01/08 v1.0l Graphics/color driver for pdftex
))
(/usr/local/texlive/2018/texmf-dist/tex/latex/amsfonts/amsfonts.sty
Package: amsfonts 2013/01/14 v3.01 Basic AMSFonts support
\@emptytoks=\toks14
\symAMSa=\mathgroup4
\symAMSb=\mathgroup5
LaTeX Font Info:    Overwriting math alphabet `\mathfrak' in version `bold'
(Font)                  U/euf/m/n --> U/euf/b/n on input line 106.
)
(/usr/local/texlive/2018/texmf-dist/tex/latex/hyperref/hyperref.sty
Package: hyperref 2018/02/06 v6.86b Hypertext links for LaTeX

(/usr/local/texlive/2018/texmf-dist/tex/generic/oberdiek/hobsub-hyperref.sty
Package: hobsub-hyperref 2016/05/16 v1.14 Bundle oberdiek, subset hyperref (HO)


(/usr/local/texlive/2018/texmf-dist/tex/generic/oberdiek/hobsub-generic.sty
Package: hobsub-generic 2016/05/16 v1.14 Bundle oberdiek, subset generic (HO)
Package: hobsub 2016/05/16 v1.14 Construct package bundles (HO)
Package: infwarerr 2016/05/16 v1.4 Providing info/warning/error messages (HO)
Package: ltxcmds 2016/05/16 v1.23 LaTeX kernel commands for general use (HO)
Package: ifluatex 2016/05/16 v1.4 Provides the ifluatex switch (HO)
Package ifluatex Info: LuaTeX not detected.
Package: ifvtex 2016/05/16 v1.6 Detect VTeX and its facilities (HO)
Package ifvtex Info: VTeX not detected.
Package: intcalc 2016/05/16 v1.2 Expandable calculations with integers (HO)
Package: ifpdf 2017/03/15 v3.2 Provides the ifpdf switch
Package: etexcmds 2016/05/16 v1.6 Avoid name clashes with e-TeX commands (HO)
Package etexcmds Info: Could not find \expanded.
(etexcmds)             That can mean that you are not using pdfTeX 1.50 or
(etexcmds)             that some package has redefined \expanded.
(etexcmds)             In the latter case, load this package earlier.
Package: kvsetkeys 2016/05/16 v1.17 Key value parser (HO)
Package: kvdefinekeys 2016/05/16 v1.4 Define keys (HO)
Package: pdftexcmds 2018/01/30 v0.27 Utility functions of pdfTeX for LuaTeX (HO
)
Package pdftexcmds Info: LuaTeX not detected.
Package pdftexcmds Info: \pdf@primitive is available.
Package pdftexcmds Info: \pdf@ifprimitive is available.
Package pdftexcmds Info: \pdfdraftmode found.
Package: pdfescape 2016/05/16 v1.14 Implements pdfTeX's escape features (HO)
Package: bigintcalc 2016/05/16 v1.4 Expandable calculations on big integers (HO
)
Package: bitset 2016/05/16 v1.2 Handle bit-vector datatype (HO)
Package: uniquecounter 2016/05/16 v1.3 Provide unlimited unique counter (HO)
)
Package hobsub Info: Skipping package `hobsub' (already loaded).
Package: letltxmacro 2016/05/16 v1.5 Let assignment for LaTeX macros (HO)
Package: hopatch 2016/05/16 v1.3 Wrapper for package hooks (HO)
Package: xcolor-patch 2016/05/16 xcolor patch
Package: atveryend 2016/05/16 v1.9 Hooks at the very end of document (HO)
Package atveryend Info: \enddocument detected (standard20110627).
Package: atbegshi 2016/06/09 v1.18 At begin shipout hook (HO)
Package: refcount 2016/05/16 v3.5 Data extraction from label references (HO)
Package: hycolor 2016/05/16 v1.8 Color options for hyperref/bookmark (HO)
)
(/usr/local/texlive/2018/texmf-dist/tex/latex/graphics/keyval.sty
Package: keyval 2014/10/28 v1.15 key=value parser (DPC)
\KV@toks@=\toks15
)
(/usr/local/texlive/2018/texmf-dist/tex/generic/ifxetex/ifxetex.sty
Package: ifxetex 2010/09/12 v0.6 Provides ifxetex conditional
)
(/usr/local/texlive/2018/texmf-dist/tex/latex/oberdiek/auxhook.sty
Package: auxhook 2016/05/16 v1.4 Hooks for auxiliary files (HO)
)
(/usr/local/texlive/2018/texmf-dist/tex/latex/oberdiek/kvoptions.sty
Package: kvoptions 2016/05/16 v3.12 Key value format for package options (HO)
)
\@linkdim=\dimen103
\Hy@linkcounter=\count88
\Hy@pagecounter=\count89

(/usr/local/texlive/2018/texmf-dist/tex/latex/hyperref/pd1enc.def
File: pd1enc.def 2018/02/06 v6.86b Hyperref: PDFDocEncoding definition (HO)
Now handling font encoding PD1 ...
... no UTF-8 mapping file for font encoding PD1
)
\Hy@SavedSpaceFactor=\count90

(/usr/local/texlive/2018/texmf-dist/tex/latex/latexconfig/hyperref.cfg
File: hyperref.cfg 2002/06/06 v1.2 hyperref configuration of TeXLive
)
Package hyperref Info: Hyper figures OFF on input line 4509.
Package hyperref Info: Link nesting OFF on input line 4514.
Package hyperref Info: Hyper index ON on input line 4517.
Package hyperref Info: Plain pages OFF on input line 4524.
Package hyperref Info: Backreferencing OFF on input line 4529.
Package hyperref Info: Implicit mode ON; LaTeX internals redefined.
Package hyperref Info: Bookmarks ON on input line 4762.
\c@Hy@tempcnt=\count91

(/usr/local/texlive/2018/texmf-dist/tex/latex/url/url.sty
\Urlmuskip=\muskip10
Package: url 2013/09/16  ver 3.4  Verb mode for urls, etc.
)
LaTeX Info: Redefining \url on input line 5115.
\XeTeXLinkMargin=\dimen104
\Fld@menulength=\count92
\Field@Width=\dimen105
\Fld@charsize=\dimen106
Package hyperref Info: Hyper figures OFF on input line 6369.
Package hyperref Info: Link nesting OFF on input line 6374.
Package hyperref Info: Hyper index ON on input line 6377.
Package hyperref Info: backreferencing OFF on input line 6384.
Package hyperref Info: Link coloring OFF on input line 6389.
Package hyperref Info: Link coloring with OCG OFF on input line 6394.
Package hyperref Info: PDF/A mode OFF on input line 6399.
LaTeX Info: Redefining \ref on input line 6439.
LaTeX Info: Redefining \pageref on input line 6443.
\Hy@abspage=\count93
\c@Item=\count94
\c@Hfootnote=\count95
)
Package hyperref Info: Driver (autodetected): hpdftex.

(/usr/local/texlive/2018/texmf-dist/tex/latex/hyperref/hpdftex.def
File: hpdftex.def 2018/02/06 v6.86b Hyperref driver for pdfTeX
\Fld@listcount=\count96
\c@bookmark@seq@number=\count97

(/usr/local/texlive/2018/texmf-dist/tex/latex/oberdiek/rerunfilecheck.sty
Package: rerunfilecheck 2016/05/16 v1.8 Rerun checks for auxiliary files (HO)
Package uniquecounter Info: New unique counter `rerunfilecheck' on input line 2
82.
)
\Hy@SectionHShift=\skip43
)
(/usr/local/texlive/2018/texmf-dist/tex/latex/tools/longtable.sty
Package: longtable 2014/10/28 v4.11 Multi-page Table package (DPC)
\LTleft=\skip44
\LTright=\skip45
\LTpre=\skip46
\LTpost=\skip47
\LTchunksize=\count98
\LTcapwidth=\dimen107
\LT@head=\box26
\LT@firsthead=\box27
\LT@foot=\box28
\LT@lastfoot=\box29
\LT@cols=\count99
\LT@rows=\count100
\c@LT@tables=\count101
\c@LT@chunks=\count102
\LT@p@ftn=\toks16
)
(/usr/local/texlive/2018/texmf-dist/tex/latex/sectsty/sectsty.sty
Package: sectsty 2002/02/25 v2.0.2 Commands to change all sectional heading sty
les
)
(/usr/local/texlive/2018/texmf-dist/tex/latex/base/textcomp.sty
Package: textcomp 2017/04/05 v2.0i Standard LaTeX package
Package textcomp Info: Sub-encoding information:
(textcomp)               5 = only ISO-Adobe without \textcurrency
(textcomp)               4 = 5 + \texteuro
(textcomp)               3 = 4 + \textohm
(textcomp)               2 = 3 + \textestimated + \textcurrency
(textcomp)               1 = TS1 - \textcircled - \t
(textcomp)               0 = TS1 (full)
(textcomp)             Font families with sub-encoding setting implement
(textcomp)             only a restricted character set as indicated.
(textcomp)             Family '?' is the default used for unknown fonts.
(textcomp)             See the documentation for details.
Package textcomp Info: Setting ? sub-encoding to TS1/1 on input line 79.

(/usr/local/texlive/2018/texmf-dist/tex/latex/base/ts1enc.def
File: ts1enc.def 2001/06/05 v3.0e (jk/car/fm) Standard LaTeX file
Now handling font encoding TS1 ...
... processing UTF-8 mapping file for font encoding TS1

(/usr/local/texlive/2018/texmf-dist/tex/latex/base/ts1enc.dfu
File: ts1enc.dfu 2018/04/05 v1.2c UTF-8 support for inputenc
   defining Unicode char U+00A2 (decimal 162)
   defining Unicode char U+00A3 (decimal 163)
   defining Unicode char U+00A4 (decimal 164)
   defining Unicode char U+00A5 (decimal 165)
   defining Unicode char U+00A6 (decimal 166)
   defining Unicode char U+00A7 (decimal 167)
   defining Unicode char U+00A8 (decimal 168)
   defining Unicode char U+00A9 (decimal 169)
   defining Unicode char U+00AA (decimal 170)
   defining Unicode char U+00AC (decimal 172)
   defining Unicode char U+00AE (decimal 174)
   defining Unicode char U+00AF (decimal 175)
   defining Unicode char U+00B0 (decimal 176)
   defining Unicode char U+00B1 (decimal 177)
   defining Unicode char U+00B2 (decimal 178)
   defining Unicode char U+00B3 (decimal 179)
   defining Unicode char U+00B4 (decimal 180)
   defining Unicode char U+00B5 (decimal 181)
   defining Unicode char U+00B6 (decimal 182)
   defining Unicode char U+00B7 (decimal 183)
   defining Unicode char U+00B9 (decimal 185)
   defining Unicode char U+00BA (decimal 186)
   defining Unicode char U+00BC (decimal 188)
   defining Unicode char U+00BD (decimal 189)
   defining Unicode char U+00BE (decimal 190)
   defining Unicode char U+00D7 (decimal 215)
   defining Unicode char U+00F7 (decimal 247)
   defining Unicode char U+0192 (decimal 402)
   defining Unicode char U+02C7 (decimal 711)
   defining Unicode char U+02D8 (decimal 728)
   defining Unicode char U+02DD (decimal 733)
   defining Unicode char U+0E3F (decimal 3647)
   defining Unicode char U+2016 (decimal 8214)
   defining Unicode char U+2020 (decimal 8224)
   defining Unicode char U+2021 (decimal 8225)
   defining Unicode char U+2022 (decimal 8226)
   defining Unicode char U+2030 (decimal 8240)
   defining Unicode char U+2031 (decimal 8241)
   defining Unicode char U+203B (decimal 8251)
   defining Unicode char U+203D (decimal 8253)
   defining Unicode char U+2044 (decimal 8260)
   defining Unicode char U+204E (decimal 8270)
   defining Unicode char U+2052 (decimal 8274)
   defining Unicode char U+20A1 (decimal 8353)
   defining Unicode char U+20A4 (decimal 8356)
   defining Unicode char U+20A6 (decimal 8358)
   defining Unicode char U+20A9 (decimal 8361)
   defining Unicode char U+20AB (decimal 8363)
   defining Unicode char U+20AC (decimal 8364)
   defining Unicode char U+20B1 (decimal 8369)
   defining Unicode char U+2103 (decimal 8451)
   defining Unicode char U+2116 (decimal 8470)
   defining Unicode char U+2117 (decimal 8471)
   defining Unicode char U+211E (decimal 8478)
   defining Unicode char U+2120 (decimal 8480)
   defining Unicode char U+2122 (decimal 8482)
   defining Unicode char U+2126 (decimal 8486)
   defining Unicode char U+2127 (decimal 8487)
   defining Unicode char U+212E (decimal 8494)
   defining Unicode char U+2190 (decimal 8592)
   defining Unicode char U+2191 (decimal 8593)
   defining Unicode char U+2192 (decimal 8594)
   defining Unicode char U+2193 (decimal 8595)
   defining Unicode char U+2329 (decimal 9001)
   defining Unicode char U+232A (decimal 9002)
   defining Unicode char U+2422 (decimal 9250)
   defining Unicode char U+25E6 (decimal 9702)
   defining Unicode char U+25EF (decimal 9711)
   defining Unicode char U+266A (decimal 9834)
   defining Unicode char U+FEFF (decimal 65279)
))
LaTeX Info: Redefining \oldstylenums on input line 334.
Package textcomp Info: Setting cmr sub-encoding to TS1/0 on input line 349.
Package textcomp Info: Setting cmss sub-encoding to TS1/0 on input line 350.
Package textcomp Info: Setting cmtt sub-encoding to TS1/0 on input line 351.
Package textcomp Info: Setting cmvtt sub-encoding to TS1/0 on input line 352.
Package textcomp Info: Setting cmbr sub-encoding to TS1/0 on input line 353.
Package textcomp Info: Setting cmtl sub-encoding to TS1/0 on input line 354.
Package textcomp Info: Setting ccr sub-encoding to TS1/0 on input line 355.
Package textcomp Info: Setting ptm sub-encoding to TS1/4 on input line 356.
Package textcomp Info: Setting pcr sub-encoding to TS1/4 on input line 357.
Package textcomp Info: Setting phv sub-encoding to TS1/4 on input line 358.
Package textcomp Info: Setting ppl sub-encoding to TS1/3 on input line 359.
Package textcomp Info: Setting pag sub-encoding to TS1/4 on input line 360.
Package textcomp Info: Setting pbk sub-encoding to TS1/4 on input line 361.
Package textcomp Info: Setting pnc sub-encoding to TS1/4 on input line 362.
Package textcomp Info: Setting pzc sub-encoding to TS1/4 on input line 363.
Package textcomp Info: Setting bch sub-encoding to TS1/4 on input line 364.
Package textcomp Info: Setting put sub-encoding to TS1/5 on input line 365.
Package textcomp Info: Setting uag sub-encoding to TS1/5 on input line 366.
Package textcomp Info: Setting ugq sub-encoding to TS1/5 on input line 367.
Package textcomp Info: Setting ul8 sub-encoding to TS1/4 on input line 368.
Package textcomp Info: Setting ul9 sub-encoding to TS1/4 on input line 369.
Package textcomp Info: Setting augie sub-encoding to TS1/5 on input line 370.
Package textcomp Info: Setting dayrom sub-encoding to TS1/3 on input line 371.
Package textcomp Info: Setting dayroms sub-encoding to TS1/3 on input line 372.

Package textcomp Info: Setting pxr sub-encoding to TS1/0 on input line 373.
Package textcomp Info: Setting pxss sub-encoding to TS1/0 on input line 374.
Package textcomp Info: Setting pxtt sub-encoding to TS1/0 on input line 375.
Package textcomp Info: Setting txr sub-encoding to TS1/0 on input line 376.
Package textcomp Info: Setting txss sub-encoding to TS1/0 on input line 377.
Package textcomp Info: Setting txtt sub-encoding to TS1/0 on input line 378.
Package textcomp Info: Setting lmr sub-encoding to TS1/0 on input line 379.
Package textcomp Info: Setting lmdh sub-encoding to TS1/0 on input line 380.
Package textcomp Info: Setting lmss sub-encoding to TS1/0 on input line 381.
Package textcomp Info: Setting lmssq sub-encoding to TS1/0 on input line 382.
Package textcomp Info: Setting lmvtt sub-encoding to TS1/0 on input line 383.
Package textcomp Info: Setting lmtt sub-encoding to TS1/0 on input line 384.
Package textcomp Info: Setting qhv sub-encoding to TS1/0 on input line 385.
Package textcomp Info: Setting qag sub-encoding to TS1/0 on input line 386.
Package textcomp Info: Setting qbk sub-encoding to TS1/0 on input line 387.
Package textcomp Info: Setting qcr sub-encoding to TS1/0 on input line 388.
Package textcomp Info: Setting qcs sub-encoding to TS1/0 on input line 389.
Package textcomp Info: Setting qpl sub-encoding to TS1/0 on input line 390.
Package textcomp Info: Setting qtm sub-encoding to TS1/0 on input line 391.
Package textcomp Info: Setting qzc sub-encoding to TS1/0 on input line 392.
Package textcomp Info: Setting qhvc sub-encoding to TS1/0 on input line 393.
Package textcomp Info: Setting futs sub-encoding to TS1/4 on input line 394.
Package textcomp Info: Setting futx sub-encoding to TS1/4 on input line 395.
Package textcomp Info: Setting futj sub-encoding to TS1/4 on input line 396.
Package textcomp Info: Setting hlh sub-encoding to TS1/3 on input line 397.
Package textcomp Info: Setting hls sub-encoding to TS1/3 on input line 398.
Package textcomp Info: Setting hlst sub-encoding to TS1/3 on input line 399.
Package textcomp Info: Setting hlct sub-encoding to TS1/5 on input line 400.
Package textcomp Info: Setting hlx sub-encoding to TS1/5 on input line 401.
Package textcomp Info: Setting hlce sub-encoding to TS1/5 on input line 402.
Package textcomp Info: Setting hlcn sub-encoding to TS1/5 on input line 403.
Package textcomp Info: Setting hlcw sub-encoding to TS1/5 on input line 404.
Package textcomp Info: Setting hlcf sub-encoding to TS1/5 on input line 405.
Package textcomp Info: Setting pplx sub-encoding to TS1/3 on input line 406.
Package textcomp Info: Setting pplj sub-encoding to TS1/3 on input line 407.
Package textcomp Info: Setting ptmx sub-encoding to TS1/4 on input line 408.
Package textcomp Info: Setting ptmj sub-encoding to TS1/4 on input line 409.
)
(/usr/local/texlive/2018/texmf-dist/tex/latex/fancyvrb/fancyvrb.sty
Package: fancyvrb 2008/02/07

Style option: `fancyvrb' v2.7a, with DG/SPQR fixes, and firstline=lastline fix 
<2008/02/07> (tvz)
\FV@CodeLineNo=\count103
\FV@InFile=\read1
\FV@TabBox=\box30
\c@FancyVerbLine=\count104
\FV@StepNumber=\count105
\FV@OutFile=\write3
) (./all.aux)
\openout1 = `all.aux'.

LaTeX Font Info:    Checking defaults for OML/cmm/m/it on input line 24.
LaTeX Font Info:    ... okay on input line 24.
LaTeX Font Info:    Checking defaults for T1/cmr/m/n on input line 24.
LaTeX Font Info:    ... okay on input line 24.
LaTeX Font Info:    Checking defaults for OT1/cmr/m/n on input line 24.
LaTeX Font Info:    ... okay on input line 24.
LaTeX Font Info:    Checking defaults for OMS/cmsy/m/n on input line 24.
LaTeX Font Info:    ... okay on input line 24.
LaTeX Font Info:    Checking defaults for OMX/cmex/m/n on input line 24.
LaTeX Font Info:    ... okay on input line 24.
LaTeX Font Info:    Checking defaults for U/cmr/m/n on input line 24.
LaTeX Font Info:    ... okay on input line 24.
LaTeX Font Info:    Checking defaults for PD1/pdf/m/n on input line 24.
LaTeX Font Info:    ... okay on input line 24.
LaTeX Font Info:    Checking defaults for TS1/cmr/m/n on input line 24.
LaTeX Font Info:    Try loading font information for TS1+cmr on input line 24.

(/usr/local/texlive/2018/texmf-dist/tex/latex/base/ts1cmr.fd
File: ts1cmr.fd 2014/09/29 v2.5h Standard LaTeX font definitions
)
LaTeX Font Info:    ... okay on input line 24.

(/usr/local/texlive/2018/texmf-dist/tex/context/base/mkii/supp-pdf.mkii
[Loading MPS to PDF converter (version 2006.09.02).]
\scratchcounter=\count106
\scratchdimen=\dimen108
\scratchbox=\box31
\nofMPsegments=\count107
\nofMParguments=\count108
\everyMPshowfont=\toks17
\MPscratchCnt=\count109
\MPscratchDim=\dimen109
\MPnumerator=\count110
\makeMPintoPDFobject=\count111
\everyMPtoPDFconversion=\toks18
)
\AtBeginShipoutBox=\box32
Package hyperref Info: Link coloring OFF on input line 24.
 (/usr/local/texlive/2018/texmf-dist/tex/latex/hyperref/nameref.sty
Package: nameref 2016/05/21 v2.44 Cross-referencing by name of section

(/usr/local/texlive/2018/texmf-dist/tex/generic/oberdiek/gettitlestring.sty
Package: gettitlestring 2016/05/16 v1.5 Cleanup title references (HO)
)
\c@section@level=\count112
)
LaTeX Info: Redefining \ref on input line 24.
LaTeX Info: Redefining \pageref on input line 24.
LaTeX Info: Redefining \nameref on input line 24.

(./all.out) (./all.out)
\@outlinefile=\write4
\openout4 = `all.out'.

LaTeX Font Info:    Try loading font information for OT1+pcr on input line 41.

(/usr/local/texlive/2018/texmf-dist/tex/latex/psnfss/ot1pcr.fd
File: ot1pcr.fd 2001/06/04 font definitions for OT1/pcr.
)

LaTeX Font Warning: Font shape `OT1/pcr/c/n' undefined
(Font)              using `OT1/pcr/m/n' instead on input line 41.

LaTeX Font Info:    Try loading font information for U+msa on input line 66.
(/usr/local/texlive/2018/texmf-dist/tex/latex/amsfonts/umsa.fd
File: umsa.fd 2013/01/14 v3.01 AMS symbols A
)
LaTeX Font Info:    Try loading font information for U+msb on input line 66.

(/usr/local/texlive/2018/texmf-dist/tex/latex/amsfonts/umsb.fd
File: umsb.fd 2013/01/14 v3.01 AMS symbols B
) [1

{/usr/local/texlive/2018/texmf-var/fonts/map/pdftex/updmap/pdftex.map}] [2] [3]

Overfull \hbox (121.59857pt too wide) in alignment at lines 209--215
 [] [] 
 []


Overfull \hbox (173.82233pt too wide) in alignment at lines 220--226
 [] [] 
 []

[4] [5]
Overfull \hbox (41.82065pt too wide) in alignment at lines 332--334
 [] [] 
 []

[6] [7]
Overfull \hbox (5.99821pt too wide) in paragraph at lines 415--416
[]\OT1/cmtt/m/n/10 J = EUL2JAC(EUL) \OT1/cmr/m/n/10 as above but the Eu-ler an-
gles are passed as a vec-tor \OT1/cmtt/m/n/10 EUL\OT1/cmr/m/n/10 =[\OT1/cmtt/m/
n/10 PHI\OT1/cmr/m/n/10 ,
 []

[8]
Overfull \hbox (40.9873pt too wide) in alignment at lines 458--460
 [] [] 
 []


Overfull \hbox (40.9873pt too wide) in alignment at lines 497--499
 [] [] 
 []

[9] [10] [11] [12] [13] [14] [15]
Overfull \hbox (3.11514pt too wide) in paragraph at lines 846--846
[][]\OT1/cmss/bx/n/12 Convert ori-en-ta-tion and ap-proach vec-tors to ho-mo-ge
-neous trans-
 []

[16]
Overfull \hbox (87.89156pt too wide) in alignment at lines 878--881
 [] [] 
 []


Overfull \hbox (101.81107pt too wide) in alignment at lines 907--913
 [] [] 
 []

[17]
Overfull \hbox (91.25546pt too wide) in alignment at lines 916--921
 [] [] 
 []


Overfull \hbox (128.82225pt too wide) in alignment at lines 924--945
 [] [] 
 []


Overfull \hbox (128.82225pt too wide) in alignment at lines 945--948
 [] [] 
 []


Overfull \hbox (130.42224pt too wide) in alignment at lines 951--960
 [] [] 
 []

[18]
Overfull \hbox (78.76656pt too wide) in alignment at lines 963--968
 [] [] 
 []


Overfull \hbox (75.2943pt too wide) in alignment at lines 971--975
 [] [] 
 []


Overfull \hbox (99.7388pt too wide) in alignment at lines 978--983
 [] [] 
 []


Overfull \hbox (38.21089pt too wide) in alignment at lines 986--990
 [] [] 
 []

[19]
Overfull \hbox (204.67937pt too wide) in alignment at lines 1022--1025
 [] [] 
 []

[20] [21]
Overfull \hbox (3.55467pt too wide) in paragraph at lines 1129--1131
[]\OT1/cmtt/m/n/10 [PATH,C] = G.Astar(V1, V2) \OT1/cmr/m/n/10 as above but also
 re-turns the to-tal cost of travers-
 []

[22] [23] [24] [25]
Overfull \hbox (61.0151pt too wide) in alignment at lines 1409--1411
 [] [] 
 []

[26] [27] [28]
Overfull \hbox (104.48744pt too wide) in alignment at lines 1592--1596
 [] [] 
 []

[29]
Overfull \hbox (100.68184pt too wide) in alignment at lines 1619--1622
 [] [] 
 []


Overfull \hbox (104.48744pt too wide) in alignment at lines 1642--1646
 [] [] 
 []

[30]
Overfull \hbox (104.48744pt too wide) in alignment at lines 1666--1672
 [] [] 
 []

[31] [32]
Overfull \hbox (106.98746pt too wide) in alignment at lines 1825--1839
 [] [] 
 []

[33] [34] [35] [36]
Overfull \hbox (66.57068pt too wide) in alignment at lines 2046--2050
 [] [] 
 []


Overfull \hbox (2.63701pt too wide) in paragraph at lines 2055--2056
[]\OT1/cmr/m/n/10 any MAT-LAB Line-Prop-erty op-tions can be given such as \TS1
/cmr/m/n/10 '\OT1/cmr/m/n/10 LineWidth\TS1/cmr/m/n/10 '\OT1/cmr/m/n/10 ,
 []

[37]
Overfull \hbox (66.57068pt too wide) in alignment at lines 2102--2107
 [] [] 
 []


Overfull \hbox (2.63701pt too wide) in paragraph at lines 2112--2113
[]\OT1/cmr/m/n/10 any MAT-LAB Line-Prop-erty op-tions can be given such as \TS1
/cmr/m/n/10 '\OT1/cmr/m/n/10 LineWidth\TS1/cmr/m/n/10 '\OT1/cmr/m/n/10 ,
 []

[38]
Overfull \hbox (80.98737pt too wide) in alignment at lines 2159--2167
 [] [] 
 []


Overfull \hbox (2.63701pt too wide) in paragraph at lines 2172--2173
[]\OT1/cmr/m/n/10 any MAT-LAB Line-Prop-erty op-tions can be given such as \TS1
/cmr/m/n/10 '\OT1/cmr/m/n/10 LineWidth\TS1/cmr/m/n/10 '\OT1/cmr/m/n/10 ,
 []

[39] [40]
Overfull \hbox (280.3767pt too wide) in alignment at lines 2259--2266
 [] [] 
 []

[41]
Overfull \hbox (4.02834pt too wide) in paragraph at lines 2334--2336
\OT1/cmtt/m/n/10 plot[]poly(P, OPTIONS) \OT1/cmr/m/n/10 adds a closed poly-gon 
de-fined by ver-tices in the columns
 []

LaTeX Font Info:    Font shape `OT1/cmtt/bx/n' in size <12> not available
(Font)              Font shape `OT1/cmtt/m/n' tried instead on input line 2346.


Overfull \hbox (76.15404pt too wide) in alignment at lines 2347--2354
 [] [] 
 []

[42]
Overfull \hbox (2.63701pt too wide) in paragraph at lines 2359--2360
[]\OT1/cmr/m/n/10 any MAT-LAB Line-Prop-erty op-tions can be given such as \TS1
/cmr/m/n/10 '\OT1/cmr/m/n/10 LineWidth\TS1/cmr/m/n/10 '\OT1/cmr/m/n/10 ,
 []


Overfull \hbox (70.23737pt too wide) in alignment at lines 2400--2415
 [] [] 
 []

[43] [44] [45]
Overfull \hbox (90.90546pt too wide) in alignment at lines 2538--2542
 [] [] 
 []


Overfull \hbox (92.17209pt too wide) in alignment at lines 2545--2556
 [] [] 
 []


Overfull \hbox (49.32204pt too wide) in alignment at lines 2559--2563
 [] [] 
 []


Overfull \hbox (51.04427pt too wide) in alignment at lines 2566--2569
 [] [] 
 []


Overfull \hbox (35.98868pt too wide) in alignment at lines 2572--2578
 [] [] 
 []

[46]
Overfull \hbox (5.38638pt too wide) in paragraph at lines 2588--2589
\OT1/cmtt/m/n/10 realtimerendering . com / resources / RTNews / html / rtnv11n1
 . html$[]\OT1/cmr/m/n/10 #art3 
 []

[47] [48] [49] [50]
Overfull \hbox (3.02806pt too wide) in paragraph at lines 2808--2810
[]\OT1/cmtt/m/n/10 [P,lambda] = PL.intersect[]volume(bounds, line) \OT1/cmr/m/n
/10 as above but also re-turns
 []


Overfull \hbox (3.11467pt too wide) in paragraph at lines 2808--2810
\OT1/cmr/m/n/10 the \OT1/cmtt/m/n/10 line \OT1/cmr/m/n/10 pa-ram-e-ters ($1 \OM
S/cmsy/m/n/10 ^^B \OML/cmm/m/it/10 N$\OT1/cmr/m/n/10 ) at the in-ter-sec-tion p
oints, ie. X = PL.point(\OT1/cmtt/m/n/10 lambda\OT1/cmr/m/n/10 ). 
 []

[51] [52] [53] [54] [55]
Overfull \hbox (92.15547pt too wide) in alignment at lines 3101--3104
 [] [] 
 []


Overfull \hbox (51.04427pt too wide) in alignment at lines 3107--3109
 [] [] 
 []


Overfull \hbox (38.48868pt too wide) in alignment at lines 3112--3121
 [] [] 
 []


Overfull \hbox (50.2109pt too wide) in alignment at lines 3124--3128
 [] [] 
 []


Overfull \hbox (49.62761pt too wide) in alignment at lines 3131--3135
 [] [] 
 []


Overfull \hbox (35.98868pt too wide) in alignment at lines 3138--3141
 [] [] 
 []

[56]
Overfull \hbox (25.71088pt too wide) in alignment at lines 3144--3147
 [] [] 
 []

[57] [58] [59] [60]
Overfull \hbox (56.01518pt too wide) in paragraph at lines 3390--3391
\OT1/cmr/m/n/10 pli-ca-tion, see []$\OT1/cmtt/m/n/10 https : / / en . wikipedia
 . org / wiki / Quaternion$[]\OT1/cmr/m/n/10 #Matrix[]representations 
 []

[61]
Overfull \hbox (72.7943pt too wide) in alignment at lines 3454--3457
 [] [] 
 []

[62]
Overfull \hbox (50.98749pt too wide) in alignment at lines 3481--3485
 [] [] 
 []

[63] [64] [65] [66] [67] [68]
Overfull \hbox (40.98732pt too wide) in alignment at lines 3812--3815
 [] [] 
 []

[69]
Overfull \hbox (43.23732pt too wide) in alignment at lines 3857--3863
 [] [] 
 []


Overfull \hbox (57.12622pt too wide) in alignment at lines 3868--3870
 [] [] 
 []

[70]
Overfull \hbox (43.23732pt too wide) in alignment at lines 3911--3917
 [] [] 
 []


Overfull \hbox (57.12622pt too wide) in alignment at lines 3922--3924
 [] [] 
 []

[71]
Overfull \hbox (55.43317pt too wide) in alignment at lines 3983--3988
 [] [] 
 []


Overfull \hbox (40.7387pt too wide) in alignment at lines 3991--3995
 [] [] 
 []


Overfull \vbox (4.50374pt too high) has occurred while \output is active []


[72]
Overfull \hbox (54.93318pt too wide) in alignment at lines 3998--4004
 [] [] 
 []


Overfull \hbox (49.32204pt too wide) in alignment at lines 4009--4012
 [] [] 
 []


Overfull \hbox (35.98868pt too wide) in alignment at lines 4015--4020
 [] [] 
 []


Overfull \hbox (63.23874pt too wide) in alignment at lines 4028--4036
 [] [] 
 []

[73]
Overfull \hbox (64.98734pt too wide) in alignment at lines 4077--4086
 [] [] 
 []

[74]
Overfull \hbox (325.91125pt too wide) in paragraph at lines 4142--4143
[]\OT1/cmr/m/n/10 See []$\OT1/cmtt/m/n/10 https : / / www . mathworks . com / m
atlabcentral / fileexchange / 24093-[]cprintf-[]display-[]formatted-[]colored-[
]text-[]in-[]the-[]command-[]window$[] 
 []

[75] [76] [77] [78] [79] [80] [81] [82] [83] [84] [85]
Overfull \hbox (60.59985pt too wide) in alignment at lines 4764--4769
 [] [] 
 []


Overfull \hbox (55.43317pt too wide) in alignment at lines 4772--4777
 [] [] 
 []


Overfull \hbox (40.7387pt too wide) in alignment at lines 4780--4786
 [] [] 
 []


Overfull \hbox (59.93196pt too wide) in alignment at lines 4789--4797
 [] [] 
 []


Overfull \hbox (52.29427pt too wide) in alignment at lines 4800--4805
 [] [] 
 []

[86]
Overfull \hbox (72.5443pt too wide) in alignment at lines 4808--4818
 [] [] 
 []


Overfull \hbox (68.23875pt too wide) in alignment at lines 4821--4830
 [] [] 
 []

[87]
Overfull \hbox (40.9873pt too wide) in alignment at lines 4905--4907
 [] [] 
 []

[88] [89] [90] [91] [92] [93]
Overfull \hbox (70.01653pt too wide) in alignment at lines 5240--5252
 [] [] 
 []


Overfull \hbox (55.43317pt too wide) in alignment at lines 5255--5260
 [] [] 
 []


Overfull \hbox (40.7387pt too wide) in alignment at lines 5263--5272
 [] [] 
 []

[94]
Overfull \hbox (63.51648pt too wide) in alignment at lines 5275--5287
 [] [] 
 []


Overfull \hbox (60.7665pt too wide) in alignment at lines 5290--5296
 [] [] 
 []


Overfull \hbox (89.6277pt too wide) in alignment at lines 5299--5313
 [] [] 
 []

[95]
Overfull \hbox (63.23874pt too wide) in alignment at lines 5316--5329
 [] [] 
 []


Overfull \hbox (35.98868pt too wide) in alignment at lines 5332--5337
 [] [] 
 []


Overfull \hbox (25.98865pt too wide) in alignment at lines 5344--5349
 [] [] 
 []


Overfull \hbox (27.79419pt too wide) in alignment at lines 5355--5358
 [] [] 
 []

[96]
Overfull \hbox (40.9873pt too wide) in alignment at lines 5415--5417
 [] [] 
 []

[97] [98] [99]
Overfull \hbox (40.9873pt too wide) in alignment at lines 5562--5564
 [] [] 
 []

[100] [101] [102] [103] [104] [105]
Overfull \hbox (40.98732pt too wide) in alignment at lines 5924--5928
 [] [] 
 []

[106] [107] [108]
Overfull \hbox (40.9873pt too wide) in alignment at lines 6078--6080
 [] [] 
 []

[109]
Overfull \hbox (40.9873pt too wide) in alignment at lines 6146--6149
 [] [] 
 []


Overfull \hbox (40.98732pt too wide) in alignment at lines 6181--6185
 [] [] 
 []

[110] [111] [112] [113]
Overfull \hbox (61.57208pt too wide) in alignment at lines 6421--6426
 [] [] 
 []


Overfull \hbox (55.43317pt too wide) in alignment at lines 6429--6434
 [] [] 
 []

[114]
Overfull \hbox (40.7387pt too wide) in alignment at lines 6437--6443
 [] [] 
 []


Overfull \hbox (54.93318pt too wide) in alignment at lines 6446--6454
 [] [] 
 []


Overfull \hbox (53.2665pt too wide) in alignment at lines 6457--6462
 [] [] 
 []


Overfull \hbox (73.51653pt too wide) in alignment at lines 6465--6473
 [] [] 
 []


Overfull \hbox (68.23875pt too wide) in alignment at lines 6476--6482
 [] [] 
 []

[115]
Overfull \hbox (35.98868pt too wide) in alignment at lines 6485--6490
 [] [] 
 []

[116] [117] [118] [119] [120] [121]
Overfull \hbox (70.98875pt too wide) in alignment at lines 6888--6900
 [] [] 
 []

[122]
Overfull \hbox (55.43317pt too wide) in alignment at lines 6903--6908
 [] [] 
 []


Overfull \hbox (25.43185pt too wide) in alignment at lines 6911--6913
 [] [] 
 []


Overfull \hbox (40.7387pt too wide) in alignment at lines 6914--6922
 [] [] 
 []


Overfull \hbox (54.93318pt too wide) in alignment at lines 6925--6934
 [] [] 
 []


Overfull \hbox (53.2665pt too wide) in alignment at lines 6937--6942
 [] [] 
 []


Overfull \hbox (89.6277pt too wide) in alignment at lines 6945--6956
 [] [] 
 []

[123]
Overfull \hbox (63.23874pt too wide) in alignment at lines 6959--6968
 [] [] 
 []


Overfull \hbox (35.98868pt too wide) in alignment at lines 6971--6976
 [] [] 
 []


Overfull \hbox (25.98865pt too wide) in alignment at lines 6983--6987
 [] [] 
 []

[124] [125]
Overfull \hbox (40.9873pt too wide) in alignment at lines 7124--7126
 [] [] 
 []

[126] [127] [128] [129] [130]
Overfull \hbox (0.33408pt too wide) in paragraph at lines 7405--7406
[]\OT1/cmr/m/n/10 Robot ma-nip-u-la-tors: math-e-ma-tis, pro-gram-ming and con-
trol Richard Paul,
 []

[131] [132]
Overfull \hbox (40.98732pt too wide) in alignment at lines 7499--7503
 [] [] 
 []

[133] [134] [135]
Overfull \hbox (40.9873pt too wide) in alignment at lines 7671--7673
 [] [] 
 []

[136]
Overfull \hbox (40.9873pt too wide) in alignment at lines 7710--7713
 [] [] 
 []


Overfull \hbox (40.98732pt too wide) in alignment at lines 7750--7754
 [] [] 
 []

[137] [138] [139]
Overfull \hbox (105.18326pt too wide) in alignment at lines 7884--7891
 [] [] 
 []


Overfull \hbox (28.21088pt too wide) in alignment at lines 7894--7900
 [] [] 
 []

[140]
Overfull \hbox (62.51654pt too wide) in alignment at lines 7963--7968
 [] [] 
 []

[141]
Overfull \hbox (28.21088pt too wide) in alignment at lines 7971--7975
 [] [] 
 []

[142]
Overfull \hbox (74.48875pt too wide) in alignment at lines 8026--8032
 [] [] 
 []


Overfull \hbox (28.21088pt too wide) in alignment at lines 8035--8041
 [] [] 
 []

[143]
Overfull \hbox (80.18323pt too wide) in alignment at lines 8095--8100
 [] [] 
 []


Overfull \hbox (28.21088pt too wide) in alignment at lines 8103--8106
 [] [] 
 []

[144] [145] [146]
Overfull \hbox (65.15543pt too wide) in alignment at lines 8254--8260
 [] [] 
 []


Overfull \hbox (28.21088pt too wide) in alignment at lines 8263--8267
 [] [] 
 []

[147] [148]
Overfull \hbox (100.98885pt too wide) in alignment at lines 8339--8346
 [] [] 
 []


Overfull \hbox (28.21088pt too wide) in alignment at lines 8349--8353
 [] [] 
 []

[149]
Overfull \hbox (63.48875pt too wide) in alignment at lines 8425--8430
 [] [] 
 []


Overfull \hbox (28.21088pt too wide) in alignment at lines 8433--8437
 [] [] 
 []

[150] [151] [152] [153]
Overfull \hbox (86.26657pt too wide) in alignment at lines 8614--8621
 [] [] 
 []


Overfull \hbox (28.21088pt too wide) in alignment at lines 8624--8630
 [] [] 
 []

[154]
Overfull \hbox (71.40543pt too wide) in alignment at lines 8683--8688
 [] [] 
 []

[155] [156]
Overfull \hbox (69.93047pt too wide) in alignment at lines 8776--8786
 [] [] 
 []


Overfull \hbox (143.93195pt too wide) in alignment at lines 8812--8820
 [] [] 
 []

[157]
Overfull \hbox (40.9873pt too wide) in alignment at lines 8861--8863
 [] [] 
 []

[158] [159]
Overfull \hbox (40.9873pt too wide) in alignment at lines 8942--8945
 [] [] 
 []


Overfull \hbox (46.00049pt too wide) in paragraph at lines 8991--8996
\OT1/cmr/m/n/10 to the ro-ta-tion part of a ho-mo-ge-neous trans-form \OT1/cmtt
/m/n/10 T\OT1/cmr/m/n/10 . The 3 an-gles \OT1/cmtt/m/n/10 RPY\OT1/cmr/m/n/10 =[
ROLL,PITCH,YAW]
 []

[160]
Overfull \hbox (40.9873pt too wide) in alignment at lines 9009--9011
 [] [] 
 []


Overfull \hbox (57.12622pt too wide) in alignment at lines 9012--9019
 [] [] 
 []

[161]
Overfull \hbox (64.98734pt too wide) in alignment at lines 9101--9110
 [] [] 
 []

[162]
Overfull \hbox (64.98734pt too wide) in alignment at lines 9156--9165
 [] [] 
 []

[163] [164] [165] [166] [167] [168] [169] [170] [171] [172] [173] [174]
Overfull \hbox (105.23747pt too wide) in alignment at lines 9799--9820
 [] [] 
 []


Overfull \hbox (283.70865pt too wide) in alignment at lines 9820--9826
 [] [] 
 []


Package longtable Warning: Column widths have changed
(longtable)                in table 126 on input line 9826.


Overfull \hbox (5.34119pt too wide) in paragraph at lines 9831--9835
\TS1/cmr/m/n/10 '\OT1/cmr/m/n/10 A\TS1/cmr/m/n/10 '\OT1/cmr/m/n/10 , \TS1/cmr/m
/n/10 '\OT1/cmr/m/n/10 text[]opts\TS1/cmr/m/n/10 '\OT1/cmr/m/n/10 , $\OMS/cmsy/
m/n/10 f$\TS1/cmr/m/n/10 '\OT1/cmr/m/n/10 FontSize\TS1/cmr/m/n/10 '\OT1/cmr/m/n
/10 , 10, \TS1/cmr/m/n/10 '\OT1/cmr/m/n/10 FontWeight\TS1/cmr/m/n/10 '\OT1/cmr/
m/n/10 , \TS1/cmr/m/n/10 '\OT1/cmr/m/n/10 bold\TS1/cmr/m/n/10 '$\OMS/cmsy/m/n/1
0 g$\OT1/cmr/m/n/10 ) tr-plot(T1, \TS1/cmr/m/n/10 '\OT1/cmr/m/n/10 la-bels\TS1/
cmr/m/n/10 '\OT1/cmr/m/n/10 , \TS1/cmr/m/n/10 '\OT1/cmr/m/n/10 NOA\TS1/cmr/m/n/
10 '\OT1/cmr/m/n/10 ); 
 []

[175]
Overfull \hbox (6.27478pt too wide) in paragraph at lines 9855--9856
[]\OT1/cmr/m/n/10 The \TS1/cmr/m/n/10 '\OT1/cmr/m/n/10 ar-row\TS1/cmr/m/n/10 '\
OT1/cmr/m/n/10 option re-quires []$\OT1/cmtt/m/n/10 https : / / www . mathworks
 . com / matlabcentral /
 []


Overfull \hbox (105.23747pt too wide) in alignment at lines 9899--9917
 [] [] 
 []

[176]
Overfull \hbox (14.54697pt too wide) in paragraph at lines 9922--9925
\OT1/cmtt/m/n/10 trplot2(T, 'frame', 'A') \OT1/cmr/m/n/10 tr-plot2(\OT1/cmtt/m/
n/10 T\OT1/cmr/m/n/10 , \TS1/cmr/m/n/10 '\OT1/cmr/m/n/10 frame\TS1/cmr/m/n/10 '
\OT1/cmr/m/n/10 , \TS1/cmr/m/n/10 '\OT1/cmr/m/n/10 A\TS1/cmr/m/n/10 '\OT1/cmr/m
/n/10 , \TS1/cmr/m/n/10 '\OT1/cmr/m/n/10 color\TS1/cmr/m/n/10 '\OT1/cmr/m/n/10 
, \TS1/cmr/m/n/10 '\OT1/cmr/m/n/10 b\TS1/cmr/m/n/10 '\OT1/cmr/m/n/10 ) tr-plot2
(T1, \TS1/cmr/m/n/10 '\OT1/cmr/m/n/10 frame\TS1/cmr/m/n/10 '\OT1/cmr/m/n/10 ,
 []


Overfull \hbox (6.27478pt too wide) in paragraph at lines 9931--9932
[]\OT1/cmr/m/n/10 The \TS1/cmr/m/n/10 '\OT1/cmr/m/n/10 ar-row\TS1/cmr/m/n/10 '\
OT1/cmr/m/n/10 option re-quires []$\OT1/cmtt/m/n/10 https : / / www . mathworks
 . com / matlabcentral /
 []


Overfull \hbox (55.43178pt too wide) in alignment at lines 9965--9974
 [] [] 
 []

[177]
Overfull \hbox (8.77563pt too wide) in paragraph at lines 9990--9991
\OT1/cmr/m/n/10 spec-i-fied with the op-tions \TS1/cmr/m/n/10 '\OT1/cmr/m/n/10 
xyz\TS1/cmr/m/n/10 '\OT1/cmr/m/n/10 or \TS1/cmr/m/n/10 '\OT1/cmr/m/n/10 yxz\TS1
/cmr/m/n/10 '\OT1/cmr/m/n/10 which are passed through to TR2RPY. 
 []


Overfull \hbox (53.79291pt too wide) in alignment at lines 10028--10032
 [] [] 
 []

[178] [179]
Overfull \hbox (51.04427pt too wide) in alignment at lines 10077--10091
 [] [] 
 []

[180]
Overfull \hbox (49.32204pt too wide) in alignment at lines 10094--10097
 [] [] 
 []


Overfull \hbox (25.43185pt too wide) in alignment at lines 10100--10103
 [] [] 
 []


Overfull \hbox (27.6553pt too wide) in alignment at lines 10106--10109
 [] [] 
 []

[181] [182] [183] [184] [185] [186] [187]
Overfull \hbox (121.84999pt too wide) in alignment at lines 10508--10518
 [] [] 
 []


Overfull \hbox (55.43317pt too wide) in alignment at lines 10521--10525
 [] [] 
 []


Overfull \hbox (33.76645pt too wide) in alignment at lines 10528--10535
 [] [] 
 []


Overfull \hbox (119.35pt too wide) in alignment at lines 10538--10547
 [] [] 
 []


Overfull \hbox (58.7665pt too wide) in alignment at lines 10550--10562
 [] [] 
 []

[188]
Overfull \hbox (35.98868pt too wide) in alignment at lines 10565--10570
 [] [] 
 []


Overfull \hbox (25.71088pt too wide) in alignment at lines 10577--10580
 [] [] 
 []

[189]
Overfull \hbox (6.38695pt too wide) in paragraph at lines 10633--10635
[]\OT1/cmtt/m/n/10 Q = UnitQuaternion([S, V1, V2, V3]) \OT1/cmr/m/n/10 is a []\
OT1/cmr/bx/n/10 UnitQuater-nion[] \OT1/cmr/m/n/10 formed by spec-
 []


Overfull \hbox (3.38948pt too wide) in paragraph at lines 10653--10654
[]\OT1/cmr/m/n/10 To con-vert an SO3 or SE3 ob-ject to a UnitQuater-nion use th
eir UnitQuater-
 []

[190]
Overfull \hbox (7.19333pt too wide) in paragraph at lines 10657--10660
[]\OT1/cmr/m/n/10 See also []\OT1/cmr/bx/n/10 UnitQuater-nion[]\OT1/cmr/m/n/10 
.eul, []\OT1/cmr/bx/n/10 UnitQuater-nion[]\OT1/cmr/m/n/10 .rpy, []\OT1/cmr/bx/n
/10 UnitQuater-nion[]\OT1/cmr/m/n/10 .angvec,
 []

[191]
Overfull \hbox (64.98734pt too wide) in alignment at lines 10729--10738
 [] [] 
 []

[192] [193]
Overfull \hbox (5.10738pt too wide) in paragraph at lines 10853--10857
\OT1/cmtt/m/n/10 Q = UnitQuaternion.eul(PHI, THETA, PSI, OPTIONS) \OT1/cmr/m/n/
10 is a []\OT1/cmr/bx/n/10 UnitQuater-nion[]
 []


Overfull \hbox (40.9873pt too wide) in alignment at lines 10867--10869
 [] [] 
 []

[194]
Overfull \hbox (60.57066pt too wide) in alignment at lines 10927--10929
 [] [] 
 []

[195] [196]
LaTeX Font Info:    Try loading font information for TS1+cmss on input line 110
00.
 (/usr/local/texlive/2018/texmf-dist/tex/latex/base/ts1cmss.fd
File: ts1cmss.fd 2014/09/29 v2.5h Standard LaTeX font definitions
)
Overfull \hbox (40.70967pt too wide) in alignment at lines 11007--11009
 [] [] 
 []

[197] [198]
Overfull \hbox (244.7377pt too wide) in alignment at lines 11103--11108
 [] [] 
 []

[199] [200]
Overfull \hbox (53.76651pt too wide) in alignment at lines 11211--11213
 [] [] 
 []


Overfull \hbox (40.98732pt too wide) in alignment at lines 11262--11267
 [] [] 
 []

[201] [202] [203] [204]
Overfull \hbox (40.9873pt too wide) in alignment at lines 11463--11465
 [] [] 
 []


Overfull \hbox (40.9873pt too wide) in alignment at lines 11496--11498
 [] [] 
 []

[205]
Overfull \hbox (40.98732pt too wide) in alignment at lines 11529--11533
 [] [] 
 []

[206] [207] [208]
Overfull \hbox (11.47107pt too wide) in paragraph at lines 11698--11700
\OT1/cmtt/m/n/10 V = VEXA(S) \OT1/cmr/m/n/10 is the vec-tor which has the cor-r
e-spond-ing aug-mented skew-symmetric
 []

[209]

Package longtable Warning: Table widths have changed. Rerun LaTeX.

Package atveryend Info: Empty hook `BeforeClearDocument' on input line 11770.
[210]
Package atveryend Info: Empty hook `AfterLastShipout' on input line 11770.
 (./all.aux)
Package atveryend Info: Executing hook `AtVeryEndDocument' on input line 11770.

Package atveryend Info: Executing hook `AtEndAfterFileList' on input line 11770
.
Package rerunfilecheck Info: File `all.out' has not changed.
(rerunfilecheck)             Checksum: C1C9B9ABA38203BFE6F2D831E29358F2;4748.


LaTeX Font Warning: Some font shapes were not available, defaults substituted.

Package atveryend Info: Empty hook `AtVeryVeryEnd' on input line 11770.
 ) 
Here is how much of TeX's memory you used:
 8599 strings out of 492649
 118721 string characters out of 6129622
 184995 words of memory out of 5000000
 10012 multiletter control sequences out of 15000+600000
 13627 words of font info for 53 fonts, out of 8000000 for 9000
 1141 hyphenation exceptions out of 8191
 28i,7n,25p,347b,514s stack positions out of 5000i,500n,10000p,200000b,80000s
pdfTeX warning (dest): name{sprintf} has been referenced but does not exist, 
replaced by a fixed one

pdfTeX warning (dest): name{zlabel} has been referenced but does not exist, rep
laced by a fixed one

pdfTeX warning (dest): name{ylabel} has been referenced but does not exist, rep
laced by a fixed one

pdfTeX warning (dest): name{xlabel} has been referenced but does not exist, rep
laced by a fixed one

pdfTeX warning (dest): name{UnitVector.qvmul} has been referenced but does not 
exist, replaced by a fixed one

pdfTeX warning (dest): name{Quaternion.angvec} has been referenced but does not
 exist, replaced by a fixed one

pdfTeX warning (dest): name{tpoly} has been referenced but does not exist, repl
aced by a fixed one

pdfTeX warning (dest): name{ets} has been referenced but does not exist, replac
ed by a fixed one

pdfTeX warning (dest): name{SerialLink.trchain} has been referenced but does no
t exist, replaced by a fixed one

pdfTeX warning (dest): name{SE2.t} has been referenced but does not exist, repl
aced by a fixed one

pdfTeX warning (dest): name{SE3.animate} has been referenced but does not exist
, replaced by a fixed one

pdfTeX warning (dest): name{wtrans} has been referenced but does not exist, rep
laced by a fixed one

pdfTeX warning (dest): name{SO3.divide} has been referenced but does not exist,
 replaced by a fixed one

pdfTeX warning (dest): name{SO3.mrdivide} has been referenced but does not exis
t, replaced by a fixed one

pdfTeX warning (dest): name{SE3.ISA} has been referenced but does not exist, re
placed by a fixed one

pdfTeX warning (dest): name{SO3.a} has been referenced but does not exist, repl
aced by a fixed one

pdfTeX warning (dest): name{SO3.o} has been referenced but does not exist, repl
aced by a fixed one

pdfTeX warning (dest): name{SO3.n} has been referenced but does not exist, repl
aced by a fixed one

pdfTeX warning (dest): name{eig} has been referenced but does not exist, replac
ed by a fixed one

pdfTeX warning (dest): name{RTB.display} has been referenced but does not exist
, replaced by a fixed one

pdfTeX warning (dest): name{atan2} has been referenced but does not exist, repl
aced by a fixed one

pdfTeX warning (dest): name{SE3.t} has been referenced but does not exist, repl
aced by a fixed one

pdfTeX warning (dest): name{ctraj} has been referenced but does not exist, repl
aced by a fixed one

pdfTeX warning (dest): name{mstraj} has been referenced but does not exist, rep
laced by a fixed one

pdfTeX warning (dest): name{lspb} has been referenced but does not exist, repla
ced by a fixed one

pdfTeX warning (dest): name{SE2.R} has been referenced but does not exist, repl
aced by a fixed one

pdfTeX warning (dest): name{rand} has been referenced but does not exist, repla
ced by a fixed one

pdfTeX warning (dest): name{logm} has been referenced but does not exist, repla
ced by a fixed one

pdfTeX warning (dest): name{SO2.ISA} has been referenced but does not exist, re
placed by a fixed one

pdfTeX warning (dest): name{SE2.ISA} has been referenced but does not exist, re
placed by a fixed one

pdfTeX warning (dest): name{SO3.ISA} has been referenced but does not exist, re
placed by a fixed one

pdfTeX warning (dest): name{vpa} has been referenced but does not exist, replac
ed by a fixed one

pdfTeX warning (dest): name{simplify} has been referenced but does not exist, r
eplaced by a fixed one

pdfTeX warning (dest): name{RTBPose.times} has been referenced but does not exi
st, replaced by a fixed one

pdfTeX warning (dest): name{:\040Plucker} has been referenced but does not exis
t, replaced by a fixed one

pdfTeX warning (dest): name{Plucker.intersect_volume} has been referenced but d
oes not exist, replaced by a fixed one

pdfTeX warning (dest): name{plot3} has been referenced but does not exist, repl
aced by a fixed one

pdfTeX warning (dest): name{SE3.mtimes} has been referenced but does not exist,
 replaced by a fixed one

pdfTeX warning (dest): name{Plucker.parallel} has been referenced but does not 
exist, replaced by a fixed one

pdfTeX warning (dest): name{Plucker.intersect} has been referenced but does not
 exist, replaced by a fixed one

pdfTeX warning (dest): name{yaxis} has been referenced but does not exist, repl
aced by a fixed one

pdfTeX warning (dest): name{xaxis} has been referenced but does not exist, repl
aced by a fixed one

pdfTeX warning (dest): name{axis} has been referenced but does not exist, repla
ced by a fixed one

pdfTeX warning (dest): name{:\040plot_point} has been referenced but does not e
xist, replaced by a fixed one

pdfTeX warning (dest): name{plot_arrow} has been referenced but does not exist,
 replaced by a fixed one

pdfTeX warning (dest): name{Polygon} has been referenced but does not exist, re
placed by a fixed one

pdfTeX warning (dest): name{patch} has been referenced but does not exist, repl
aced by a fixed one

pdfTeX warning (dest): name{ch2inv_rtb} has been referenced but does not exist,
 replaced by a fixed one

pdfTeX warning (dest): name{plot_ellipse_inv} has been referenced but does not 
exist, replaced by a fixed one

pdfTeX warning (dest): name{plot_box} has been referenced but does not exist, r
eplaced by a fixed one

pdfTeX warning (dest): name{plot_ellipse} has been referenced but does not exis
t, replaced by a fixed one

pdfTeX warning (dest): name{plot_circle} has been referenced but does not exist
, replaced by a fixed one

pdfTeX warning (dest): name{plot_poly} has been referenced but does not exist, 
replaced by a fixed one

pdfTeX warning (dest): name{arrow3} has been referenced but does not exist, rep
laced by a fixed one

pdfTeX warning (dest): name{plot} has been referenced but does not exist, repla
ced by a fixed one

pdfTeX warning (dest): name{mplot} has been referenced but does not exist, repl
aced by a fixed one

pdfTeX warning (dest): name{PGraph.highlight_path} has been referenced but does
 not exist, replaced by a fixed one

pdfTeX warning (dest): name{PGraph.highlight_component} has been referenced but
 does not exist, replaced by a fixed one

pdfTeX warning (dest): name{PGraph.highlight_edge} has been referenced but does
 not exist, replaced by a fixed one

pdfTeX warning (dest): name{PGraph.highlight_node} has been referenced but does
 not exist, replaced by a fixed one

pdfTeX warning (dest): name{PGraph.n} has been referenced but does not exist, r
eplaced by a fixed one

pdfTeX warning (dest): name{PGraph.ne} has been referenced but does not exist, 
replaced by a fixed one

pdfTeX warning (dest): name{PGraph.setdata} has been referenced but does not ex
ist, replaced by a fixed one

pdfTeX warning (dest): name{PGraph.path} has been referenced but does not exist
, replaced by a fixed one

pdfTeX warning (dest): name{PGraph.goal} has been referenced but does not exist
, replaced by a fixed one

pdfTeX warning (dest): name{PGraph.getdata} has been referenced but does not ex
ist, replaced by a fixed one

pdfTeX warning (dest): name{PGraph.data} has been referenced but does not exist
, replaced by a fixed one

pdfTeX warning (dest): name{PGraph.add_edge} has been referenced but does not e
xist, replaced by a fixed one

pdfTeX warning (dest): name{PGraph.add_node} has been referenced but does not e
xist, replaced by a fixed one

pdfTeX warning (dest): name{size} has been referenced but does not exist, repla
ced by a fixed one

pdfTeX warning (dest): name{plot_homline} has been referenced but does not exis
t, replaced by a fixed one

pdfTeX warning (dest): name{SerialLink.jacobe} has been referenced but does not
 exist, replaced by a fixed one

pdfTeX warning (dest): name{norm} has been referenced but does not exist, repla
ced by a fixed one

pdfTeX warning (dest): name{chi2inv} has been referenced but does not exist, re
placed by a fixed one

pdfTeX warning (dest): name{print} has been referenced but does not exist, repl
aced by a fixed one

pdfTeX warning (dest): name{VideoWriter} has been referenced but does not exist
, replaced by a fixed one

pdfTeX warning (dest): name{whos} has been referenced but does not exist, repla
ced by a fixed one

{/usr/local/texlive/2018/texmf-dist/fonts/enc/dvips/cm-super/cm-super-ts1.enc}{
/usr/local/texlive/2018/texmf-dist/fonts/enc/dvips/base/8r.enc}</usr/local/texl
ive/2018/texmf-dist/fonts/type1/public/amsfonts/cm/cmbx10.pfb></usr/local/texli
ve/2018/texmf-dist/fonts/type1/public/amsfonts/cm/cmmi10.pfb></usr/local/texliv
e/2018/texmf-dist/fonts/type1/public/amsfonts/cm/cmmi7.pfb></usr/local/texlive/
2018/texmf-dist/fonts/type1/public/amsfonts/cm/cmr10.pfb></usr/local/texlive/20
18/texmf-dist/fonts/type1/public/amsfonts/cm/cmr12.pfb></usr/local/texlive/2018
/texmf-dist/fonts/type1/public/amsfonts/cm/cmr7.pfb></usr/local/texlive/2018/te
xmf-dist/fonts/type1/public/amsfonts/cm/cmssbx10.pfb></usr/local/texlive/2018/t
exmf-dist/fonts/type1/public/amsfonts/cm/cmsy10.pfb></usr/local/texlive/2018/te
xmf-dist/fonts/type1/public/amsfonts/cm/cmtt10.pfb></usr/local/texlive/2018/tex
mf-dist/fonts/type1/public/amsfonts/cm/cmtt12.pfb></usr/local/texlive/2018/texm
f-dist/fonts/type1/public/amsfonts/symbols/msbm10.pfb></usr/local/texlive/2018/
texmf-dist/fonts/type1/public/cm-super/sfrm1000.pfb></usr/local/texlive/2018/te
xmf-dist/fonts/type1/public/cm-super/sfsx1200.pfb></usr/local/texlive/2018/texm
f-dist/fonts/type1/urw/courier/ucrr8a.pfb>
Output written on all.pdf (210 pages, 549305 bytes).
PDF statistics:
 4726 PDF objects out of 5155 (max. 8388607)
 4455 compressed objects within 45 object streams
 2418 named destinations out of 2487 (max. 500000)
 817 words of extra memory for PDF output out of 10000 (max. 10000000)

